<?xml version="1.0" encoding="UTF-8"?>
<testsuite xmlns:xsi="http://www.w3.org/2001/XMLSchema-instance" xsi:noNamespaceSchemaLocation="https://maven.apache.org/surefire/maven-surefire-plugin/xsd/surefire-test-report.xsd" name="com.cumberBDD.TestRunerClass" time="0.908" tests="3" errors="0" skipped="0" failures="0">
  <properties>
[...]
</properties>
  <testcase name="Check login is successful with valid credentials #1" classname="feature to test login functionality" time="0.102"/>
  <testcase name="Check login is successful with valid credentials #2" classname="feature to test login functionality" time="0.009"/>
  <testcase name="Check login is successful with valid credentials #3" classname="feature to test login functionality" time="0.011"/>
</testsuite>